This is pdfTeX, Version 3.141592653-2.6-1.40.29 (TeX Live 2026) (preloaded format=pdflatex 2026.6.23)  24 JUN 2026 18:03
entering extended mode
 restricted \write18 enabled.
 file:line:error style messages enabled.
 %&-line parsing enabled.
**/home/arka/3D_U_Net_Brain_Tumor_Segmentation_in_3D_MRI/cas-dc-template.tex
(/home/arka/3D_U_Net_Brain_Tumor_Segmentation_in_3D_MRI/cas-dc-template.tex
LaTeX2e <2025-11-01>
L3 programming layer <2026-03-20>
(./cas-dc.cls
Document Class: cas-dc 2021/05/11, 2.3: Formatting class for CAS double column articles
\c@blind=\count275
\@bls=\dimen150
(/usr/share/texlive/texmf-dist/tex/latex/base/article.cls
Document Class: article 2025/01/22 v1.4n Standard LaTeX document class
(/usr/share/texlive/texmf-dist/tex/latex/base/fleqn.clo
File: fleqn.clo 2016/12/29 v1.2b Standard LaTeX option (flush left equations)
\mathindent=\skip49
Applying: [2015/01/01] Make \[ robust on input line 50.
LaTeX Info: Redefining \[ on input line 51.
Already applied: [0000/00/00] Make \[ robust on input line 62.
Applying: [2015/01/01] Make \] robust on input line 74.
LaTeX Info: Redefining \] on input line 75.
Already applied: [0000/00/00] Make \] robust on input line 83.
) (/usr/share/texlive/texmf-dist/tex/latex/base/size10.clo
File: size10.clo 2025/01/22 v1.4n Standard LaTeX file (size option)
)
\c@part=\count276
\c@section=\count277
\c@subsection=\count278
\c@subsubsection=\count279
\c@paragraph=\count280
\c@subparagraph=\count281
\c@figure=\count282
\c@table=\count283
\abovecaptionskip=\skip50
\belowcaptionskip=\skip51
\bibindent=\dimen151
) (/usr/share/texlive/texmf-dist/tex/latex/graphics/graphicx.sty
Package: graphicx 2024/12/31 v1.2e Enhanced LaTeX Graphics (DPC,SPQR)
 (/usr/share/texlive/texmf-dist/tex/latex/graphics/keyval.sty
Package: keyval 2022/05/29 v1.15 key=value parser (DPC)
\KV@toks@=\toks17
) (/usr/share/texlive/texmf-dist/tex/latex/graphics/graphics.sty
Package: graphics 2024/08/06 v1.4g Standard LaTeX Graphics (DPC,SPQR)
 (/usr/share/texlive/texmf-dist/tex/latex/graphics/trig.sty
Package: trig 2023/12/02 v1.11 sin cos tan (DPC)
) (/usr/share/texlive/texmf-dist/tex/latex/graphics-cfg/graphics.cfg
File: graphics.cfg 2016/06/04 v1.11 sample graphics configuration
)
Package graphics Info: Driver file: pdftex.def on input line 106.
 (/usr/share/texlive/texmf-dist/tex/latex/graphics-def/pdftex.def
File: pdftex.def 2025/09/29 v1.2d Graphics/color driver for pdftex
))
\Gin@req@height=\dimen152
\Gin@req@width=\dimen153
) (/usr/share/texlive/texmf-dist/tex/latex/amsmath/amsmath.sty
Package: amsmath 2025/07/09 v2.17z AMS math features
\@mathmargin=\skip52

For additional information on amsmath, use the `?' option.
(/usr/share/texlive/texmf-dist/tex/latex/amsmath/amstext.sty
Package: amstext 2024/11/17 v2.01 AMS text
 (/usr/share/texlive/texmf-dist/tex/latex/amsmath/amsgen.sty
File: amsgen.sty 1999/11/30 v2.0 generic functions
\@emptytoks=\toks18
\ex@=\dimen154
)) (/usr/share/texlive/texmf-dist/tex/latex/amsmath/amsbsy.sty
Package: amsbsy 1999/11/29 v1.2d Bold Symbols
\pmbraise@=\dimen155
) (/usr/share/texlive/texmf-dist/tex/latex/amsmath/amsopn.sty
Package: amsopn 2022/04/08 v2.04 operator names
)
\inf@bad=\count284
LaTeX Info: Redefining \frac on input line 233.
\uproot@=\count285
\leftroot@=\count286
LaTeX Info: Redefining \overline on input line 398.
LaTeX Info: Redefining \colon on input line 409.
\classnum@=\count287
\DOTSCASE@=\count288
LaTeX Info: Redefining \ldots on input line 495.
LaTeX Info: Redefining \dots on input line 498.
LaTeX Info: Redefining \cdots on input line 619.
\Mathstrutbox@=\box53
\strutbox@=\box54
LaTeX Info: Redefining \big on input line 721.
LaTeX Info: Redefining \Big on input line 722.
LaTeX Info: Redefining \bigg on input line 723.
LaTeX Info: Redefining \Bigg on input line 724.
\big@size=\dimen156
LaTeX Font Info:    Redeclaring font encoding OML on input line 742.
LaTeX Font Info:    Redeclaring font encoding OMS on input line 743.
\macc@depth=\count289
LaTeX Info: Redefining \bmod on input line 904.
LaTeX Info: Redefining \pmod on input line 909.
LaTeX Info: Redefining \smash on input line 939.
LaTeX Info: Redefining \relbar on input line 969.
LaTeX Info: Redefining \Relbar on input line 970.
\c@MaxMatrixCols=\count290
\dotsspace@=\muskip17
\c@parentequation=\count291
\dspbrk@lvl=\count292
\tag@help=\toks19
\row@=\count293
\column@=\count294
\maxfields@=\count295
\andhelp@=\toks20
\eqnshift@=\dimen157
\alignsep@=\dimen158
\tagshift@=\dimen159
\tagwidth@=\dimen160
\totwidth@=\dimen161
\lineht@=\dimen162
\@envbody=\toks21
\multlinegap=\skip53
\multlinetaggap=\skip54
\mathdisplay@stack=\toks22
LaTeX Info: Redefining \[ on input line 2950.
LaTeX Info: Redefining \] on input line 2951.
) (/usr/share/texlive/texmf-dist/tex/latex/amsfonts/amsfonts.sty
Package: amsfonts 2013/01/14 v3.01 Basic AMSFonts support
\symAMSa=\mathgroup4
\symAMSb=\mathgroup5
LaTeX Font Info:    Redeclaring math symbol \hbar on input line 98.
LaTeX Font Info:    Overwriting math alphabet `\mathfrak' in version `bold'
(Font)                  U/euf/m/n --> U/euf/b/n on input line 106.
) (/usr/share/texlive/texmf-dist/tex/latex/amsfonts/amssymb.sty
Package: amssymb 2013/01/14 v3.01 AMS font symbols
) (/usr/share/texlive/texmf-dist/tex/latex/l3kernel/expl3.sty
Package: expl3 2026-03-20 L3 programming layer (loader) 
 (/usr/share/texlive/texmf-dist/tex/latex/l3backend/l3backend-pdftex.def
File: l3backend-pdftex.def 2026-02-18 L3 backend support: PDF output (pdfTeX)
\l__color_backend_stack_int=\count296
)) (/usr/share/texlive/texmf-dist/tex/latex/l3packages/xparse/xparse.sty
Package: xparse 2025-10-09 L3 Experimental document command parser
) (/usr/share/texlive/texmf-dist/tex/latex/etoolbox/etoolbox.sty
Package: etoolbox 2025/10/02 v2.5m e-TeX tools for LaTeX (JAW)
\etb@tempcnta=\count297
) (/usr/share/texlive/texmf-dist/tex/latex/preprint/balance.sty
Package: balance 1999/02/23 4.3 (PWD)
\oldvsize=\dimen163
) (/usr/share/texlive/texmf-dist/tex/latex/booktabs/booktabs.sty
Package: booktabs 2020/01/12 v1.61803398 Publication quality tables
\heavyrulewidth=\dimen164
\lightrulewidth=\dimen165
\cmidrulewidth=\dimen166
\belowrulesep=\dimen167
\belowbottomsep=\dimen168
\aboverulesep=\dimen169
\abovetopsep=\dimen170
\cmidrulesep=\dimen171
\cmidrulekern=\dimen172
\defaultaddspace=\dimen173
\@cmidla=\count298
\@cmidlb=\count299
\@aboverulesep=\dimen174
\@belowrulesep=\dimen175
\@thisruleclass=\count300
\@lastruleclass=\count301
\@thisrulewidth=\dimen176
) (/usr/share/texlive/texmf-dist/tex/latex/makecell/makecell.sty
Package: makecell 2009/08/03 V0.1e Managing of Tab Column Heads and Cells
 (/usr/share/texlive/texmf-dist/tex/latex/tools/array.sty

LaTeX Warning: You have requested release `2026/06/01' of LaTeX,
               but only release `2025-11-01' is available.

Package: array 2026/01/25 v2.7a Tabular extension package (FMi)
\col@sep=\dimen177
\ar@mcellbox=\box55
\extrarowheight=\dimen178
\NC@list=\toks23
\extratabsurround=\skip55
\backup@length=\skip56
\ar@cellbox=\box56
)
\rotheadsize=\dimen179
\c@nlinenum=\count302
\TeXr@lab=\toks24
) (/usr/share/texlive/texmf-dist/tex/latex/multirow/multirow.sty
Package: multirow 2024/11/12 v2.9 Span multiple rows of a table
\multirow@colwidth=\skip57
\multirow@cntb=\count303
\multirow@dima=\skip58
\bigstrutjot=\dimen180
) (/usr/share/texlive/texmf-dist/tex/latex/colortbl/colortbl.sty
Package: colortbl 2024/10/29 v1.0k Color table columns (DPC)
 (/usr/share/texlive/texmf-dist/tex/latex/graphics/color.sty
Package: color 2025/01/14 v1.3e Standard LaTeX Color (DPC)
 (/usr/share/texlive/texmf-dist/tex/latex/graphics-cfg/color.cfg
File: color.cfg 2016/01/02 v1.6 sample color configuration
)
Package color Info: Driver file: pdftex.def on input line 149.
 (/usr/share/texlive/texmf-dist/tex/latex/graphics/mathcolor.ltx))
\everycr=\toks25
\minrowclearance=\skip59
\rownum=\count304
) (/usr/share/texlive/texmf-dist/tex/latex/tools/dcolumn.sty
Package: dcolumn 2025/10/21 v1.06 decimal alignment package (DPC)
) (/usr/share/texlive/texmf-dist/tex/latex/sttools/stfloats.sty
Package: stfloats 2025/06/18 v3.4 Improve float mechanism and baselineskip settings
\@dblbotnum=\count305
\c@dblbotnumber=\count306
) (/usr/share/texlive/texmf-dist/tex/latex/tools/xspace.sty
Package: xspace 2014/10/28 v1.13 Space after command names (DPC,MH)
) (/usr/share/texlive/texmf-dist/tex/generic/xstring/xstring.sty (/usr/share/texlive/texmf-dist/tex/generic/xstring/xstring.tex
\xs_counta=\count307
\xs_countb=\count308
)
Package: xstring 2023/08/22 v1.86 String manipulations (CT)
) (/usr/share/texlive/texmf-dist/tex/latex/footmisc/footmisc.sty
Package: footmisc 2025/05/09 v7.0b a miscellany of footnote facilities
\FN@temptoken=\toks26
\footnotemargin=\dimen181
Package footmisc Info: Declaring symbol style bringhurst on input line 549.
Package footmisc Info: Declaring symbol style chicago on input line 557.
Package footmisc Info: Declaring symbol style wiley on input line 566.
Package footmisc Info: Declaring symbol style lamport-robust on input line 577.
Package footmisc Info: Declaring symbol style lamport* on input line 597.
Package footmisc Info: Declaring symbol style lamport*-robust on input line 618.
) (/usr/share/texlive/texmf-dist/tex/latex/xcolor/xcolor.sty
Package: xcolor 2024/09/29 v3.02 LaTeX color extensions (UK)
 (/usr/share/texlive/texmf-dist/tex/latex/graphics-cfg/color.cfg
File: color.cfg 2016/01/02 v1.6 sample color configuration
)
Package xcolor Info: Driver file: pdftex.def on input line 274.
LaTeX Info: Redefining \color on input line 762.
 (/usr/share/texlive/texmf-dist/tex/latex/graphics/mathcolor.ltx)
Package xcolor Info: Model `cmy' substituted by `cmy0' on input line 1349.
Package xcolor Info: Model `hsb' substituted by `rgb' on input line 1353.
Package xcolor Info: Model `RGB' extended on input line 1365.
Package xcolor Info: Model `HTML' substituted by `rgb' on input line 1367.
Package xcolor Info: Model `Hsb' substituted by `hsb' on input line 1368.
Package xcolor Info: Model `tHsb' substituted by `hsb' on input line 1369.
Package xcolor Info: Model `HSB' substituted by `hsb' on input line 1370.
Package xcolor Info: Model `Gray' substituted by `gray' on input line 1371.
Package xcolor Info: Model `wave' substituted by `hsb' on input line 1372.
) (/usr/share/texlive/texmf-dist/tex/latex/xcolor/svgnam.def
File: svgnam.def 2024/09/29 v3.02 Predefined colors according to SVG 1.1 (UK)
) (/usr/share/texlive/texmf-dist/tex/latex/graphics/dvipsnam.def
File: dvipsnam.def 2016/06/17 v3.0m Driver-dependent file (DPC,SPQR)
) (/usr/share/texlive/texmf-dist/tex/latex/hyperref/hyperref.sty
Package: hyperref 2026-04-24 v7.01q Hypertext links for LaTeX
 (/usr/share/texlive/texmf-dist/tex/generic/iftex/iftex.sty
Package: iftex 2024/12/12 v1.0g TeX engine tests
) (/usr/share/texlive/texmf-dist/tex/latex/kvsetkeys/kvsetkeys.sty
Package: kvsetkeys 2022-10-05 v1.19 Key value parser (HO)
) (/usr/share/texlive/texmf-dist/tex/generic/kvdefinekeys/kvdefinekeys.sty
Package: kvdefinekeys 2019-12-19 v1.6 Define keys (HO)
) (/usr/share/texlive/texmf-dist/tex/generic/pdfescape/pdfescape.sty
Package: pdfescape 2019/12/09 v1.15 Implements pdfTeX's escape features (HO)
 (/usr/share/texlive/texmf-dist/tex/generic/ltxcmds/ltxcmds.sty
Package: ltxcmds 2023-12-04 v1.26 LaTeX kernel commands for general use (HO)
) (/usr/share/texlive/texmf-dist/tex/generic/pdftexcmds/pdftexcmds.sty
Package: pdftexcmds 2020-06-27 v0.33 Utility functions of pdfTeX for LuaTeX (HO)
 (/usr/share/texlive/texmf-dist/tex/generic/infwarerr/infwarerr.sty
Package: infwarerr 2019/12/03 v1.5 Providing info/warning/error messages (HO)
)
Package pdftexcmds Info: \pdf@primitive is available.
Package pdftexcmds Info: \pdf@ifprimitive is available.
Package pdftexcmds Info: \pdfdraftmode found.
)) (/usr/share/texlive/texmf-dist/tex/latex/hycolor/hycolor.sty
Package: hycolor 2020-01-27 v1.10 Color options for hyperref/bookmark (HO)
) (/usr/share/texlive/texmf-dist/tex/latex/hyperref/nameref.sty
Package: nameref 2026-01-29 v2.58 Cross-referencing by name of section
 (/usr/share/texlive/texmf-dist/tex/latex/refcount/refcount.sty
Package: refcount 2019/12/15 v3.6 Data extraction from label references (HO)
) (/usr/share/texlive/texmf-dist/tex/generic/gettitlestring/gettitlestring.sty
Package: gettitlestring 2019/12/15 v1.6 Cleanup title references (HO)
 (/usr/share/texlive/texmf-dist/tex/latex/kvoptions/kvoptions.sty
Package: kvoptions 2022-06-15 v3.15 Key value format for package options (HO)
))
\c@section@level=\count309
) (/usr/share/texlive/texmf-dist/tex/generic/stringenc/stringenc.sty
Package: stringenc 2019/11/29 v1.12 Convert strings between diff. encodings (HO)
)
\@linkdim=\dimen182
\Hy@linkcounter=\count310
\Hy@pagecounter=\count311
 (/usr/share/texlive/texmf-dist/tex/latex/hyperref/pd1enc.def
File: pd1enc.def 2026-04-24 v7.01q Hyperref: PDFDocEncoding definition (HO)
Now handling font encoding PD1 ...
... no UTF-8 mapping file for font encoding PD1
) (/usr/share/texlive/texmf-dist/tex/generic/intcalc/intcalc.sty
Package: intcalc 2019/12/15 v1.3 Expandable calculations with integers (HO)
)
\Hy@SavedSpaceFactor=\count312
 (/usr/share/texlive/texmf-dist/tex/latex/hyperref/puenc.def
File: puenc.def 2026-04-24 v7.01q Hyperref: PDF Unicode definition (HO)
Now handling font encoding PU ...
... no UTF-8 mapping file for font encoding PU
)
Package hyperref Info: Option `colorlinks' set `true' on input line 4070.
Package hyperref Info: Hyper figures OFF on input line 4199.
Package hyperref Info: Link nesting OFF on input line 4204.
Package hyperref Info: Hyper index ON on input line 4207.
Package hyperref Info: Plain pages OFF on input line 4214.
Package hyperref Info: Backreferencing OFF on input line 4219.
Package hyperref Info: Implicit mode ON; LaTeX internals redefined.
Package hyperref Info: Bookmarks ON on input line 4466.
\c@Hy@tempcnt=\count313
 (/usr/share/texlive/texmf-dist/tex/latex/url/url.sty
\Urlmuskip=\muskip18
Package: url 2013/09/16  ver 3.4  Verb mode for urls, etc.
)
LaTeX Info: Redefining \url on input line 4805.
\XeTeXLinkMargin=\dimen183
 (/usr/share/texlive/texmf-dist/tex/generic/bitset/bitset.sty
Package: bitset 2019/12/09 v1.3 Handle bit-vector datatype (HO)
 (/usr/share/texlive/texmf-dist/tex/generic/bigintcalc/bigintcalc.sty
Package: bigintcalc 2019/12/15 v1.5 Expandable calculations on big integers (HO)
))
\Fld@menulength=\count314
\Field@Width=\dimen184
\Fld@charsize=\dimen185
Package hyperref Info: Hyper figures OFF on input line 6091.
Package hyperref Info: Link nesting OFF on input line 6096.
Package hyperref Info: Hyper index ON on input line 6099.
Package hyperref Info: backreferencing OFF on input line 6106.
Package hyperref Info: Link coloring ON on input line 6109.
Package hyperref Info: Link coloring with OCG OFF on input line 6116.
Package hyperref Info: PDF/A mode OFF on input line 6121.
\Hy@abspage=\count315
\c@Item=\count316
\c@Hfootnote=\count317
)
Package hyperref Info: Driver (autodetected): hpdftex.
 (/usr/share/texlive/texmf-dist/tex/latex/hyperref/hpdftex.def
File: hpdftex.def 2026-04-24 v7.01q Hyperref driver for pdfTeX
\Fld@listcount=\count318
\c@bookmark@seq@number=\count319
 (/usr/share/texlive/texmf-dist/tex/latex/rerunfilecheck/rerunfilecheck.sty
Package: rerunfilecheck 2025-06-21 v1.11 Rerun checks for auxiliary files (HO)
 (/usr/share/texlive/texmf-dist/tex/generic/uniquecounter/uniquecounter.sty
Package: uniquecounter 2019/12/15 v1.4 Provide unlimited unique counter (HO)
)
Package uniquecounter Info: New unique counter `rerunfilecheck' on input line 284.
)
\Hy@SectionHShift=\skip60
) (./cas-common.sty
\l_stm_title_before_dim=\dimen186
\l_stm_title_after_dim=\dimen187
\g_ead_int=\count320
\g_uad_int=\count321
\@eadauthor=\toks27
\g_stm_tnote_int=\count322
\g_stm_fnote_int=\count323
\g_stm_cor_int=\count324
\g_stm_au_int=\count325
\g_stm_aau_int=\count326
\l_autype_int=\count327
\l_stm_augroup_before_dim=\dimen188
\l_stm_augroup_after_dim=\dimen189
\l_stm_augroup_lskip_tl=\dimen190
\l_stm_augroup_rskip_tl=\dimen191
\g_stm_aff_int=\count328
\g_stm_aff_ext_int=\count329
\g_stm_aff_int_int=\count330
\g_stm_fn_aff_ext_int=\count331
\g_stm_fn_aff_int_int=\count332
\l_stm_aff_before_dim=\dimen192
\l_stm_aff_after_dim=\dimen193
\l_stm_aff_lskip_dim=\dimen194
\l_stm_aff_rskip_dim=\dimen195
\g_stm_augr_int=\count333
\g_stm_aaugr_int=\count334
 (/usr/share/texlive/texmf-dist/tex/latex/moreverb/moreverb.sty
Package: moreverb 2008/06/03 v2.3a `more' verbatim facilities
 (/usr/share/texlive/texmf-dist/tex/latex/tools/verbatim.sty
Package: verbatim 2024-01-22 v1.5x LaTeX2e package for verbatim enhancements
\every@verbatim=\toks28
\verbatim@line=\toks29
\verbatim@in@stream=\read2
)
\tab@position=\count335
\tab@size=\count336
\listing@line=\count337
)
\g_stm_abs_box=\box57
\casgrabsbox=\box58
\casauhlbox=\box59
\g_stm_key_box=\box60
\g_stm_jtype_int=\count338
\g_stm_blind_int=\count339
\c@au=\count340
\c@cnote=\count341
\c@tnote=\count342
\c@fnote=\count343
\c@aff=\count344
\g_stm_notes_box=\box61
\g_stm_front_box=\box62
\paraindent=\dimen196
\subparaindent=\dimen197
\FullWidth=\dimen198
\l_tbl_width_dim=\dimen199
\l_tbl_abovecap_skip=\skip61
\l_tbl_belowcap_skip=\skip62
\l_tbl_abovetbl_skip=\skip63
\l_tbl_belowtbl_skip=\skip64
\l_fig_width_dim=\dimen256
\cascaptionbox=\box63
\l_fig_abovecap_skip=\skip65
\l_fig_belowcap_skip=\skip66
\l_fig_abovefig_skip=\skip67
\l_fig_belowfig_skip=\skip68
 (/usr/share/texlive/texmf-dist/tex/latex/wrapfig/wrapfig.sty
\wrapoverhang=\dimen257
\WF@size=\dimen258
\c@WF@wrappedlines=\count345
\WF@box=\box64
\WF@everypar=\toks30
Package: wrapfig 2003/01/31  v 3.6
)
\l_wrap_figwidth_dim=\dimen259
\l_wrap_fighspace_dim=\dimen260
\l_wrap_figvspace_dim=\dimen261
\l_wrap_fighcorr_dim=\dimen262
\l_wrap_figvcorr_dim=\dimen263
\l_above_bio_dim=\dimen264
\l_wrap_figlcorr_int=\count346
\l_wrap_figlines_int=\count347
\l_bio_text_box=\box65
\c@ca_biography_ctr=\count348
\l_ca_temp_inta=\count349
\leftMargin=\dimen265
\@enLab=\toks31
\@sep=\skip69
\@@sep=\skip70
) (/usr/share/texlive/texmf-dist/tex/latex/base/fontenc.sty
Package: fontenc 2025/07/18 v2.1d Standard LaTeX package
) (/usr/share/texlive/texmf-dist/tex/latex/stix/stix.sty
Package: stix 2018/04/17 v1.1.3-latex STIX fonts support package
 (/usr/share/texlive/texmf-dist/tex/latex/base/textcomp.sty
Package: textcomp 2024/04/24 v2.1b Standard LaTeX package
LaTeX Font Info:    Changing ? sub-encoding to TS1/0 on input line 75.
)
LaTeX Encoding Info:    Text command \textpertenthousand (encoding T1) is not declared on input line 51.
LaTeX Encoding Info:    Redeclaring text command \textpertenthousand (encoding ?) on input line 52.
Now handling font encoding LS1 ...
... no UTF-8 mapping file for font encoding LS1
Now handling font encoding LS2 ...
... no UTF-8 mapping file for font encoding LS2
LaTeX Font Info:    Redeclaring symbol font `letters' on input line 76.
LaTeX Font Info:    Encoding `OML' has changed to `LS1' for symbol font
(Font)              `letters' in the math version `normal' on input line 76.
LaTeX Font Info:    Overwriting symbol font `letters' in version `normal'
(Font)                  OML/cmm/m/it --> LS1/stix/m/it on input line 76.
LaTeX Font Info:    Encoding `OML' has changed to `LS1' for symbol font
(Font)              `letters' in the math version `bold' on input line 76.
LaTeX Font Info:    Overwriting symbol font `letters' in version `bold'
(Font)                  OML/cmm/b/it --> LS1/stix/m/it on input line 76.
LaTeX Font Info:    Redeclaring symbol font `operators' on input line 77.
LaTeX Font Info:    Encoding `OT1' has changed to `LS1' for symbol font
(Font)              `operators' in the math version `normal' on input line 77.
LaTeX Font Info:    Overwriting symbol font `operators' in version `normal'
(Font)                  OT1/cmr/m/n --> LS1/stix/m/n on input line 77.
LaTeX Font Info:    Encoding `OT1' has changed to `LS1' for symbol font
(Font)              `operators' in the math version `bold' on input line 77.
LaTeX Font Info:    Overwriting symbol font `operators' in version `bold'
(Font)                  OT1/cmr/bx/n --> LS1/stix/m/n on input line 77.
\symbold-operators=\mathgroup6
LaTeX Font Info:    Redeclaring symbol font `symbols' on input line 79.
LaTeX Font Info:    Encoding `OMS' has changed to `LS1' for symbol font
(Font)              `symbols' in the math version `normal' on input line 79.
LaTeX Font Info:    Overwriting symbol font `symbols' in version `normal'
(Font)                  OMS/cmsy/m/n --> LS1/stixscr/m/n on input line 79.
LaTeX Font Info:    Encoding `OMS' has changed to `LS1' for symbol font
(Font)              `symbols' in the math version `bold' on input line 79.
LaTeX Font Info:    Overwriting symbol font `symbols' in version `bold'
(Font)                  OMS/cmsy/b/n --> LS1/stixscr/m/n on input line 79.
\symsymbols2=\mathgroup7
\symsymbols3=\mathgroup8
\symsymbols4=\mathgroup9
\symintegrals=\mathgroup10
LaTeX Font Info:    Redeclaring symbol font `largesymbols' on input line 84.
LaTeX Font Info:    Encoding `OMX' has changed to `LS2' for symbol font
(Font)              `largesymbols' in the math version `normal' on input line 84.
LaTeX Font Info:    Overwriting symbol font `largesymbols' in version `normal'
(Font)                  OMX/cmex/m/n --> LS2/stixex/m/n on input line 84.
LaTeX Font Info:    Encoding `OMX' has changed to `LS2' for symbol font
(Font)              `largesymbols' in the math version `bold' on input line 84.
LaTeX Font Info:    Overwriting symbol font `largesymbols' in version `bold'
(Font)                  OMX/cmex/m/n --> LS2/stixex/m/n on input line 84.
\symarrows1=\mathgroup11
\symarrows2=\mathgroup12
\symarrows3=\mathgroup13
LaTeX Font Info:    Overwriting symbol font `letters' in version `bold'
(Font)                  LS1/stix/m/it --> LS1/stix/b/it on input line 88.
LaTeX Font Info:    Overwriting symbol font `operators' in version `bold'
(Font)                  LS1/stix/m/n --> LS1/stix/b/n on input line 89.
LaTeX Font Info:    Overwriting symbol font `symbols' in version `bold'
(Font)                  LS1/stixscr/m/n --> LS1/stixscr/b/n on input line 90.
LaTeX Font Info:    Overwriting symbol font `symbols2' in version `bold'
(Font)                  LS1/stixfrak/m/n --> LS1/stixfrak/b/n on input line 91.
LaTeX Font Info:    Overwriting symbol font `symbols3' in version `bold'
(Font)                  LS1/stixbb/m/n --> LS1/stixbb/b/n on input line 92.
LaTeX Font Info:    Overwriting symbol font `symbols4' in version `bold'
(Font)                  LS1/stixbb/m/it --> LS1/stixbb/b/it on input line 93.
LaTeX Font Info:    Overwriting symbol font `integrals' in version `bold'
(Font)                  LS2/stixcal/m/n --> LS2/stixcal/b/n on input line 94.
LaTeX Font Info:    Overwriting symbol font `largesymbols' in version `bold'
(Font)                  LS2/stixex/m/n --> LS2/stixex/b/n on input line 95.
LaTeX Font Info:    Overwriting symbol font `arrows1' in version `bold'
(Font)                  LS1/stixsf/m/n --> LS1/stixsf/b/n on input line 96.
LaTeX Font Info:    Overwriting symbol font `arrows2' in version `bold'
(Font)                  LS1/stixsf/m/it --> LS1/stixsf/b/it on input line 97.
LaTeX Font Info:    Overwriting symbol font `arrows3' in version `bold'
(Font)                  LS2/stixtt/m/n --> LS2/stixtt/b/n on input line 98.
LaTeX Font Info:    Redeclaring math alphabet \mathit on input line 99.
LaTeX Font Info:    Redeclaring math alphabet \mathfrak on input line 102.
LaTeX Font Info:    Redeclaring math alphabet \mathsf on input line 106.
LaTeX Font Info:    Redeclaring math alphabet \mathtt on input line 108.
LaTeX Font Info:    Redeclaring math alphabet \mathbf on input line 109.
LaTeX Info: Redefining \yen on input line 456.
LaTeX Info: Redefining \circledR on input line 458.
LaTeX Info: Redefining \checkmark on input line 460.
LaTeX Info: Redefining \maltese on input line 461.
LaTeX Font Info:    Redeclaring math accent \grave on input line 698.
LaTeX Font Info:    Redeclaring math accent \acute on input line 699.
LaTeX Font Info:    Redeclaring math accent \hat on input line 700.
LaTeX Font Info:    Redeclaring math accent \tilde on input line 701.
LaTeX Font Info:    Redeclaring math accent \bar on input line 702.
LaTeX Font Info:    Redeclaring math accent \breve on input line 703.
LaTeX Font Info:    Redeclaring math accent \dot on input line 704.
LaTeX Font Info:    Redeclaring math accent \ddot on input line 705.
LaTeX Font Info:    Redeclaring math accent \mathring on input line 707.
LaTeX Font Info:    Redeclaring math accent \check on input line 708.
LaTeX Font Info:    Redeclaring math accent \vec on input line 716.
LaTeX Font Info:    Redeclaring math accent \widehat on input line 728.
LaTeX Font Info:    Redeclaring math accent \widetilde on input line 729.
LaTeX Info: Redefining \vdots on input line 1518.
LaTeX Info: Redefining \cdots on input line 1522.
LaTeX Font Info:    Redeclaring math symbol \mathsterling on input line 1978.
LaTeX Info: Redefining \not on input line 2144.
) (/usr/share/texlive/texmf-dist/tex/latex/inconsolata/inconsolata.sty
Package: inconsolata 2019/05/17 v1.12
 `inconsolata-zi4' v1.12, 2019/05/17 Text macros for Inconsolata (msharpe) (/usr/share/texlive/texmf-dist/tex/latex/xkeyval/xkeyval.sty
Package: xkeyval 2025/11/04 v2.10 package option processing (HA)
 (/usr/share/texlive/texmf-dist/tex/generic/xkeyval/xkeyval.tex (/usr/share/texlive/texmf-dist/tex/generic/xkeyval/xkvutils.tex
\XKV@toks=\toks32
\XKV@tempa@toks=\toks33
\XKV@tempb@toks=\toks34
)
\XKV@depth=\count350
File: xkeyval.tex 2014/12/03 v2.7a key=value parser (HA)
))
\zifour@ocount=\count351
) (/usr/share/texlive/texmf-dist/tex/latex/geometry/geometry.sty
Package: geometry 2026/03/07 v6.0 Page Geometry
 (/usr/share/texlive/texmf-dist/tex/generic/iftex/ifvtex.sty
Package: ifvtex 2019/10/25 v1.7 ifvtex legacy package. Use iftex instead.
)
\Gm@cnth=\count352
\Gm@cntv=\count353
\c@Gm@tempcnt=\count354
\Gm@bindingoffset=\dimen266
\Gm@wd@mp=\dimen267
\Gm@odd@mp=\dimen268
\Gm@even@mp=\dimen269
\Gm@layoutwidth=\dimen270
\Gm@layoutheight=\dimen271
\Gm@layouthoffset=\dimen272
\Gm@layoutvoffset=\dimen273
\Gm@dimlist=\toks35
)) (/usr/share/texlive/texmf-dist/tex/latex/natbib/natbib.sty
Package: natbib 2010/09/13 8.31b (PWD, AO)
\bibhang=\skip71
\bibsep=\skip72
LaTeX Info: Redefining \cite on input line 694.
\c@NAT@ctr=\count355
) (/usr/share/texlive/texmf-dist/tex/latex/jknapltx/mathrsfs.sty
Package: mathrsfs 1996/01/01 Math RSFS package v1.0 (jk)
\symrsfs=\mathgroup14
) (/usr/share/texlive/texmf-dist/tex/latex/amsfonts/euscript.sty
Package: euscript 2009/06/22 v3.00 Euler Script fonts
LaTeX Font Info:    Overwriting math alphabet `\EuScript' in version `bold'
(Font)                  U/eus/m/n --> U/eus/b/n on input line 33.
) (/usr/share/texlive/texmf-dist/tex/latex/todonotes/todonotes.sty
Package: todonotes 2024/01/05 v1.1.7 Todonotes source and documentation.
Package: todonotes 2024/01/05
 (/usr/share/texlive/texmf-dist/tex/latex/base/ifthen.sty
Package: ifthen 2024/03/16 v1.1e Standard LaTeX ifthen package (DPC)
) (/usr/share/texlive/texmf-dist/tex/latex/pgf/frontendlayer/tikz.sty (/usr/share/texlive/texmf-dist/tex/latex/pgf/basiclayer/pgf.sty (/usr/share/texlive/texmf-dist/tex/latex/pgf/utilities/pgfrcs.sty (/usr/share/texlive/texmf-dist/tex/generic/pgf/utilities/pgfutil-common.tex
\pgfutil@everybye=\toks36
\pgfutil@tempdima=\dimen274
\pgfutil@tempdimb=\dimen275
) (/usr/share/texlive/texmf-dist/tex/generic/pgf/utilities/pgfutil-latex.def
\pgfutil@abb=\box66
) (/usr/share/texlive/texmf-dist/tex/generic/pgf/utilities/pgfrcs.code.tex (/usr/share/texlive/texmf-dist/tex/generic/pgf/pgf.revision.tex)
Package: pgfrcs 2025-08-29 v3.1.11a (3.1.11a)
))
Package: pgf 2025-08-29 v3.1.11a (3.1.11a)
 (/usr/share/texlive/texmf-dist/tex/latex/pgf/basiclayer/pgfcore.sty (/usr/share/texlive/texmf-dist/tex/latex/pgf/systemlayer/pgfsys.sty (/usr/share/texlive/texmf-dist/tex/generic/pgf/systemlayer/pgfsys.code.tex
Package: pgfsys 2025-08-29 v3.1.11a (3.1.11a)
 (/usr/share/texlive/texmf-dist/tex/generic/pgf/utilities/pgfkeys.code.tex
\pgfkeys@pathtoks=\toks37
\pgfkeys@temptoks=\toks38
 (/usr/share/texlive/texmf-dist/tex/generic/pgf/utilities/pgfkeyslibraryfiltered.code.tex
\pgfkeys@tmptoks=\toks39
))
\pgf@x=\dimen276
\pgf@y=\dimen277
\pgf@xa=\dimen278
\pgf@ya=\dimen279
\pgf@xb=\dimen280
\pgf@yb=\dimen281
\pgf@xc=\dimen282
\pgf@yc=\dimen283
\pgf@xd=\dimen284
\pgf@yd=\dimen285
\w@pgf@writea=\write3
\r@pgf@reada=\read3
\c@pgf@counta=\count356
\c@pgf@countb=\count357
\c@pgf@countc=\count358
\c@pgf@countd=\count359
\t@pgf@toka=\toks40
\t@pgf@tokb=\toks41
\t@pgf@tokc=\toks42
\pgf@sys@id@count=\count360
 (/usr/share/texlive/texmf-dist/tex/generic/pgf/systemlayer/pgf.cfg
File: pgf.cfg 2025-08-29 v3.1.11a (3.1.11a)
)
Driver file for pgf: pgfsys-pdftex.def
 (/usr/share/texlive/texmf-dist/tex/generic/pgf/systemlayer/pgfsys-pdftex.def
File: pgfsys-pdftex.def 2025-08-29 v3.1.11a (3.1.11a)
 (/usr/share/texlive/texmf-dist/tex/generic/pgf/systemlayer/pgfsys-common-pdf.def
File: pgfsys-common-pdf.def 2025-08-29 v3.1.11a (3.1.11a)
))) (/usr/share/texlive/texmf-dist/tex/generic/pgf/systemlayer/pgfsyssoftpath.code.tex
File: pgfsyssoftpath.code.tex 2025-08-29 v3.1.11a (3.1.11a)
\pgfsyssoftpath@smallbuffer@items=\count361
\pgfsyssoftpath@bigbuffer@items=\count362
) (/usr/share/texlive/texmf-dist/tex/generic/pgf/systemlayer/pgfsysprotocol.code.tex
File: pgfsysprotocol.code.tex 2025-08-29 v3.1.11a (3.1.11a)
)) (/usr/share/texlive/texmf-dist/tex/generic/pgf/basiclayer/pgfcore.code.tex
Package: pgfcore 2025-08-29 v3.1.11a (3.1.11a)
 (/usr/share/texlive/texmf-dist/tex/generic/pgf/math/pgfmath.code.tex (/usr/share/texlive/texmf-dist/tex/generic/pgf/math/pgfmathutil.code.tex) (/usr/share/texlive/texmf-dist/tex/generic/pgf/math/pgfmathparser.code.tex
\pgfmath@dimen=\dimen286
\pgfmath@count=\count363
\pgfmath@box=\box67
\pgfmath@toks=\toks43
\pgfmath@stack@operand=\toks44
\pgfmath@stack@operation=\toks45
) (/usr/share/texlive/texmf-dist/tex/generic/pgf/math/pgfmathfunctions.code.tex) (/usr/share/texlive/texmf-dist/tex/generic/pgf/math/pgfmathfunctions.basic.code.tex) (/usr/share/texlive/texmf-dist/tex/generic/pgf/math/pgfmathfunctions.trigonometric.code.tex) (/usr/share/texlive/texmf-dist/tex/generic/pgf/math/pgfmathfunctions.random.code.tex) (/usr/share/texlive/texmf-dist/tex/generic/pgf/math/pgfmathfunctions.comparison.code.tex) (/usr/share/texlive/texmf-dist/tex/generic/pgf/math/pgfmathfunctions.base.code.tex) (/usr/share/texlive/texmf-dist/tex/generic/pgf/math/pgfmathfunctions.round.code.tex) (/usr/share/texlive/texmf-dist/tex/generic/pgf/math/pgfmathfunctions.misc.code.tex) (/usr/share/texlive/texmf-dist/tex/generic/pgf/math/pgfmathfunctions.integerarithmetics.code.tex) (/usr/share/texlive/texmf-dist/tex/generic/pgf/math/pgfmathcalc.code.tex) (/usr/share/texlive/texmf-dist/tex/generic/pgf/math/pgfmathfloat.code.tex
\c@pgfmathroundto@lastzeros=\count364
)) (/usr/share/texlive/texmf-dist/tex/generic/pgf/math/pgfint.code.tex) (/usr/share/texlive/texmf-dist/tex/generic/pgf/basiclayer/pgfcorepoints.code.tex
File: pgfcorepoints.code.tex 2025-08-29 v3.1.11a (3.1.11a)
\pgf@picminx=\dimen287
\pgf@picmaxx=\dimen288
\pgf@picminy=\dimen289
\pgf@picmaxy=\dimen290
\pgf@pathminx=\dimen291
\pgf@pathmaxx=\dimen292
\pgf@pathminy=\dimen293
\pgf@pathmaxy=\dimen294
\pgf@xx=\dimen295
\pgf@xy=\dimen296
\pgf@yx=\dimen297
\pgf@yy=\dimen298
\pgf@zx=\dimen299
\pgf@zy=\dimen300
) (/usr/share/texlive/texmf-dist/tex/generic/pgf/basiclayer/pgfcorepathconstruct.code.tex
File: pgfcorepathconstruct.code.tex 2025-08-29 v3.1.11a (3.1.11a)
\pgf@path@lastx=\dimen301
\pgf@path@lasty=\dimen302
) (/usr/share/texlive/texmf-dist/tex/generic/pgf/basiclayer/pgfcorepathusage.code.tex
File: pgfcorepathusage.code.tex 2025-08-29 v3.1.11a (3.1.11a)
\pgf@shorten@end@additional=\dimen303
\pgf@shorten@start@additional=\dimen304
) (/usr/share/texlive/texmf-dist/tex/generic/pgf/basiclayer/pgfcorescopes.code.tex
File: pgfcorescopes.code.tex 2025-08-29 v3.1.11a (3.1.11a)
\pgfpic=\box68
\pgf@hbox=\box69
\pgf@layerbox@main=\box70
\pgf@picture@serial@count=\count365
) (/usr/share/texlive/texmf-dist/tex/generic/pgf/basiclayer/pgfcoregraphicstate.code.tex
File: pgfcoregraphicstate.code.tex 2025-08-29 v3.1.11a (3.1.11a)
\pgflinewidth=\dimen305
) (/usr/share/texlive/texmf-dist/tex/generic/pgf/basiclayer/pgfcoretransformations.code.tex
File: pgfcoretransformations.code.tex 2025-08-29 v3.1.11a (3.1.11a)
\pgf@pt@x=\dimen306
\pgf@pt@y=\dimen307
\pgf@pt@temp=\dimen308
) (/usr/share/texlive/texmf-dist/tex/generic/pgf/basiclayer/pgfcorequick.code.tex
File: pgfcorequick.code.tex 2025-08-29 v3.1.11a (3.1.11a)
) (/usr/share/texlive/texmf-dist/tex/generic/pgf/basiclayer/pgfcoreobjects.code.tex
File: pgfcoreobjects.code.tex 2025-08-29 v3.1.11a (3.1.11a)
) (/usr/share/texlive/texmf-dist/tex/generic/pgf/basiclayer/pgfcorepathprocessing.code.tex
File: pgfcorepathprocessing.code.tex 2025-08-29 v3.1.11a (3.1.11a)
) (/usr/share/texlive/texmf-dist/tex/generic/pgf/basiclayer/pgfcorearrows.code.tex
File: pgfcorearrows.code.tex 2025-08-29 v3.1.11a (3.1.11a)
\pgfarrowsep=\dimen309
) (/usr/share/texlive/texmf-dist/tex/generic/pgf/basiclayer/pgfcoreshade.code.tex
File: pgfcoreshade.code.tex 2025-08-29 v3.1.11a (3.1.11a)
\pgf@max=\dimen310
\pgf@sys@shading@range@num=\count366
\pgf@shadingcount=\count367
) (/usr/share/texlive/texmf-dist/tex/generic/pgf/basiclayer/pgfcoreimage.code.tex
File: pgfcoreimage.code.tex 2025-08-29 v3.1.11a (3.1.11a)
) (/usr/share/texlive/texmf-dist/tex/generic/pgf/basiclayer/pgfcoreexternal.code.tex
File: pgfcoreexternal.code.tex 2025-08-29 v3.1.11a (3.1.11a)
\pgfexternal@startupbox=\box71
) (/usr/share/texlive/texmf-dist/tex/generic/pgf/basiclayer/pgfcorelayers.code.tex
File: pgfcorelayers.code.tex 2025-08-29 v3.1.11a (3.1.11a)
) (/usr/share/texlive/texmf-dist/tex/generic/pgf/basiclayer/pgfcoretransparency.code.tex
File: pgfcoretransparency.code.tex 2025-08-29 v3.1.11a (3.1.11a)
) (/usr/share/texlive/texmf-dist/tex/generic/pgf/basiclayer/pgfcorepatterns.code.tex
File: pgfcorepatterns.code.tex 2025-08-29 v3.1.11a (3.1.11a)
) (/usr/share/texlive/texmf-dist/tex/generic/pgf/basiclayer/pgfcorerdf.code.tex
File: pgfcorerdf.code.tex 2025-08-29 v3.1.11a (3.1.11a)
))) (/usr/share/texlive/texmf-dist/tex/generic/pgf/modules/pgfmoduleshapes.code.tex
File: pgfmoduleshapes.code.tex 2025-08-29 v3.1.11a (3.1.11a)
\pgfnodeparttextbox=\box72
) (/usr/share/texlive/texmf-dist/tex/generic/pgf/modules/pgfmoduleplot.code.tex
File: pgfmoduleplot.code.tex 2025-08-29 v3.1.11a (3.1.11a)
) (/usr/share/texlive/texmf-dist/tex/latex/pgf/compatibility/pgfcomp-version-0-65.sty
Package: pgfcomp-version-0-65 2025-08-29 v3.1.11a (3.1.11a)
\pgf@nodesepstart=\dimen311
\pgf@nodesepend=\dimen312
) (/usr/share/texlive/texmf-dist/tex/latex/pgf/compatibility/pgfcomp-version-1-18.sty
Package: pgfcomp-version-1-18 2025-08-29 v3.1.11a (3.1.11a)
)) (/usr/share/texlive/texmf-dist/tex/latex/pgf/utilities/pgffor.sty (/usr/share/texlive/texmf-dist/tex/latex/pgf/utilities/pgfkeys.sty (/usr/share/texlive/texmf-dist/tex/generic/pgf/utilities/pgfkeys.code.tex)) (/usr/share/texlive/texmf-dist/tex/latex/pgf/math/pgfmath.sty (/usr/share/texlive/texmf-dist/tex/generic/pgf/math/pgfmath.code.tex)) (/usr/share/texlive/texmf-dist/tex/generic/pgf/utilities/pgffor.code.tex
Package: pgffor 2025-08-29 v3.1.11a (3.1.11a)
\pgffor@iter=\dimen313
\pgffor@skip=\dimen314
\pgffor@stack=\toks46
\pgffor@toks=\toks47
)) (/usr/share/texlive/texmf-dist/tex/generic/pgf/frontendlayer/tikz/tikz.code.tex
Package: tikz 2025-08-29 v3.1.11a (3.1.11a)
 (/usr/share/texlive/texmf-dist/tex/generic/pgf/libraries/pgflibraryplothandlers.code.tex
File: pgflibraryplothandlers.code.tex 2025-08-29 v3.1.11a (3.1.11a)
\pgf@plot@mark@count=\count368
\pgfplotmarksize=\dimen315
)
\tikz@lastx=\dimen316
\tikz@lasty=\dimen317
\tikz@lastxsaved=\dimen318
\tikz@lastysaved=\dimen319
\tikz@lastmovetox=\dimen320
\tikz@lastmovetoy=\dimen321
\tikzleveldistance=\dimen322
\tikzsiblingdistance=\dimen323
\tikz@figbox=\box73
\tikz@figbox@bg=\box74
\tikz@tempbox=\box75
\tikz@tempbox@bg=\box76
\tikztreelevel=\count369
\tikznumberofchildren=\count370
\tikznumberofcurrentchild=\count371
\tikz@fig@count=\count372
 (/usr/share/texlive/texmf-dist/tex/generic/pgf/modules/pgfmodulematrix.code.tex
File: pgfmodulematrix.code.tex 2025-08-29 v3.1.11a (3.1.11a)
\pgfmatrixcurrentrow=\count373
\pgfmatrixcurrentcolumn=\count374
\pgf@matrix@numberofcolumns=\count375
)
\tikz@expandcount=\count376
 (/usr/share/texlive/texmf-dist/tex/generic/pgf/frontendlayer/tikz/libraries/tikzlibrarytopaths.code.tex
File: tikzlibrarytopaths.code.tex 2025-08-29 v3.1.11a (3.1.11a)
))) (/usr/share/texlive/texmf-dist/tex/generic/pgf/frontendlayer/tikz/libraries/tikzlibrarypositioning.code.tex
File: tikzlibrarypositioning.code.tex 2025-08-29 v3.1.11a (3.1.11a)
) (/usr/share/texlive/texmf-dist/tex/latex/tools/calc.sty
Package: calc 2025/03/01 v4.3b Infix arithmetic (KKT,FJ)
\calc@Acount=\count377
\calc@Bcount=\count378
\calc@Adimen=\dimen324
\calc@Bdimen=\dimen325
\calc@Askip=\skip73
\calc@Bskip=\skip74
LaTeX Info: Redefining \setlength on input line 86.
LaTeX Info: Redefining \addtolength on input line 87.
\calc@Ccount=\count379
\calc@Cskip=\skip75
)
\c@@todonotes@numberoftodonotes=\count380
) (/usr/share/texlive/texmf-dist/tex/latex/caption/subcaption.sty
Package: subcaption 2023/07/28 v1.6b Sub-captions (AR)
 (/usr/share/texlive/texmf-dist/tex/latex/caption/caption.sty
Package: caption 2023/08/05 v3.6o Customizing captions (AR)
 (/usr/share/texlive/texmf-dist/tex/latex/caption/caption3.sty
Package: caption3 2023/07/31 v2.4d caption3 kernel (AR)
\caption@tempdima=\dimen326
\captionmargin=\dimen327
\caption@leftmargin=\dimen328
\caption@rightmargin=\dimen329
\caption@width=\dimen330
\caption@indent=\dimen331
\caption@parindent=\dimen332
\caption@hangindent=\dimen333
Package caption Info: Standard document class detected.
)
\c@caption@flags=\count381
\c@continuedfloat=\count382
Package caption Info: hyperref package is loaded.
Package caption Info: wrapfig package is loaded.
)
Package caption Info: New subtype `subfigure' on input line 238.
\c@subfigure=\count383
Package caption Info: New subtype `subtable' on input line 238.
\c@subtable=\count384
) (/usr/share/texlive/texmf-dist/tex/latex/arydshln/arydshln.sty
Package: arydshln 2019/02/21 v1.76 
\dashlinedash=\dimen334
\dashlinegap=\dimen335
\adl@box=\box77
\adl@height=\dimen336
\adl@heightsave=\dimen337
\adl@depth=\dimen338
\adl@depthsave=\dimen339
\adl@finaldepth=\dimen340
\adl@columns=\count385
\adl@ncol=\count386
\adl@currentcolumn=\count387
\adl@currentcolumnsave=\count388
\adl@totalheight=\count389
\adl@totalheightsave=\count390
\adl@dash=\count391
\adl@gap=\count392
\adl@cla=\count393
\adl@clb=\count394
\adl@everyvbox=\toks48
\adl@LTpagetotal=\dimen341
)
==> First Aid for arydshln.sty applied!
(/usr/share/texlive/texmf-dist/tex/latex/placeins/placeins.sty
Package: placeins 2005/04/18  v 2.2
)
LaTeX Font Info:    Trying to load font information for T1+stix on input line 55.
 (/usr/share/texlive/texmf-dist/tex/latex/stix/t1stix.fd
File: t1stix.fd 2015/04/17 v1.1.2-latex STIX T1 font definitions
) (./cas-dc-template.aux)
\openout1 = `cas-dc-template.aux'.

LaTeX Font Info:    Checking defaults for OML/cmm/m/it on input line 55.
LaTeX Font Info:    ... okay on input line 55.
LaTeX Font Info:    Checking defaults for OMS/cmsy/m/n on input line 55.
LaTeX Font Info:    ... okay on input line 55.
LaTeX Font Info:    Checking defaults for OT1/cmr/m/n on input line 55.
LaTeX Font Info:    ... okay on input line 55.
LaTeX Font Info:    Checking defaults for T1/cmr/m/n on input line 55.
LaTeX Font Info:    ... okay on input line 55.
LaTeX Font Info:    Checking defaults for TS1/cmr/m/n on input line 55.
LaTeX Font Info:    ... okay on input line 55.
LaTeX Font Info:    Checking defaults for OMX/cmex/m/n on input line 55.
LaTeX Font Info:    ... okay on input line 55.
LaTeX Font Info:    Checking defaults for U/cmr/m/n on input line 55.
LaTeX Font Info:    ... okay on input line 55.
LaTeX Font Info:    Checking defaults for PD1/pdf/m/n on input line 55.
LaTeX Font Info:    ... okay on input line 55.
LaTeX Font Info:    Checking defaults for PU/pdf/m/n on input line 55.
LaTeX Font Info:    ... okay on input line 55.
LaTeX Font Info:    Checking defaults for LS1/stix/m/n on input line 55.
LaTeX Font Info:    Trying to load font information for LS1+stix on input line 55.
 (/usr/share/texlive/texmf-dist/tex/latex/stix/ls1stix.fd
File: ls1stix.fd 2015/04/17 v1.1.2-latex STIX LS1 font definitions
)
LaTeX Font Info:    ... okay on input line 55.
LaTeX Font Info:    Checking defaults for LS2/stix/m/n on input line 55.
LaTeX Font Info:    Trying to load font information for LS2+stix on input line 55.
 (/usr/share/texlive/texmf-dist/tex/latex/stix/ls2stix.fd
File: ls2stix.fd 2015/04/17 v1.1.2-latex STIX LS2 font definitions
)
LaTeX Font Info:    ... okay on input line 55.
 (/usr/share/texlive/texmf-dist/tex/context/base/mkii/supp-pdf.mkii
[Loading MPS to PDF converter (version 2006.09.02).]
\scratchcounter=\count395
\scratchdimen=\dimen342
\scratchbox=\box78
\nofMPsegments=\count396
\nofMParguments=\count397
\everyMPshowfont=\toks49
\MPscratchCnt=\count398
\MPscratchDim=\dimen343
\MPnumerator=\count399
\makeMPintoPDFobject=\count400
\everyMPtoPDFconversion=\toks50
) (/usr/share/texlive/texmf-dist/tex/latex/epstopdf-pkg/epstopdf-base.sty
Package: epstopdf-base 2020-01-24 v2.11 Base part for package epstopdf
 (/usr/share/texlive/texmf-dist/tex/latex/grfext/grfext.sty
Package: grfext 2019/12/03 v1.3 Manage graphics extensions (HO)
)
Package epstopdf-base Info: Redefining graphics rule for `.eps' on input line 485.
Package grfext Info: Graphics extension search list:
(grfext)             [.pdf,.png,.jpg,.mps,.jpeg,.jbig2,.jb2,.PDF,.PNG,.JPG,.JPEG,.JBIG2,.JB2,.eps]
(grfext)             \AppendGraphicsExtensions on input line 504.
 (/usr/share/texlive/texmf-dist/tex/latex/latexconfig/epstopdf-sys.cfg
File: epstopdf-sys.cfg 2010/07/13 v1.3 Configuration of (r)epstopdf for TeX Live
))
LaTeX Info: Command `\dddot' is already robust on input line 55.
LaTeX Info: Command `\ddddot' is already robust on input line 55.
Package hyperref Info: Link coloring ON on input line 55.
 (./cas-dc-template.out) (./cas-dc-template.out)
\@outlinefile=\write4
\openout4 = `cas-dc-template.out'.

 (/usr/share/texlive/texmf-dist/tex/latex/upquote/upquote.sty
Package: upquote 2012/04/19 v1.3 upright-quote and grave-accent glyphs in verbatim
)
*geometry* driver: auto-detecting
*geometry* detected driver: pdftex
*geometry* verbose mode - [ preamble ] result:
* driver: pdftex
* paper: custom
* layout: <same size as paper>
* layoutoffset:(h,v)=(0.0pt,0.0pt)
* modes: 
* h-part:(L,W,R)=(51.4995pt, 494.50888pt, 51.4995pt)
* v-part:(T,H,B)=(55.48286pt, 689.4103pt, 51.784pt)
* \paperwidth=597.50787pt
* \paperheight=796.67715pt
* \textwidth=494.50888pt
* \textheight=689.4103pt
* \oddsidemargin=-20.7705pt
* \evensidemargin=-20.7705pt
* \topmargin=-40.78712pt
* \headheight=12.0pt
* \headsep=12.0pt
* \topskip=10.0pt
* \footskip=12.0pt
* \marginparwidth=57.0pt
* \marginparsep=11.0pt
* \columnsep=18.0pt
* \skip\footins=9.0pt plus 4.0pt minus 2.0pt
* \hoffset=0.0pt
* \voffset=0.0pt
* \mag=1000
* \@twocolumnfalse
* \@twosidefalse
* \@mparswitchfalse
* \@reversemarginfalse
* (1in=72.27pt=25.4mm, 1cm=28.453pt)

Package caption Info: Begin \AtBeginDocument code.
Package caption Info: End \AtBeginDocument code.
\verbatim@out=\write5
\openout5 = `cas-dc-template.abs'.

LaTeX Font Info:    Trying to load font information for TS1+stix on input line 185.
(/usr/share/texlive/texmf-dist/tex/latex/stix/ts1stix.fd
File: ts1stix.fd 2015/04/17 v1.1.2-latex STIX TS1 font definitions
) [0

{/var/lib/texmf/fonts/map/pdftex/updmap/pdftex.map}{/usr/share/texlive/texmf-dist/fonts/enc/dvips/stix/stix-t1.enc}{/usr/share/texlive/texmf-dist/fonts/enc/dvips/stix/stix-ts1.enc}]
LaTeX Font Info:    Trying to load font information for LS1+stixscr on input line 197.
 (/usr/share/texlive/texmf-dist/tex/latex/stix/ls1stixscr.fd
File: ls1stixscr.fd 2015/04/17 v1.1.2-latex STIX script LS1 font definitions
)
LaTeX Font Info:    Trying to load font information for LS2+stixex on input line 197.
 (/usr/share/texlive/texmf-dist/tex/latex/stix/ls2stixex.fd
File: ls2stixex.fd 2015/04/17 v1.1.2-latex STIX extentions LS2 font definitions
)
LaTeX Font Info:    Trying to load font information for U+msa on input line 197.
 (/usr/share/texlive/texmf-dist/tex/latex/amsfonts/umsa.fd
File: umsa.fd 2013/01/14 v3.01 AMS symbols A
)
LaTeX Font Info:    Trying to load font information for U+msb on input line 197.
 (/usr/share/texlive/texmf-dist/tex/latex/amsfonts/umsb.fd
File: umsb.fd 2013/01/14 v3.01 AMS symbols B
)
LaTeX Font Info:    Trying to load font information for LS1+stixfrak on input line 197.
 (/usr/share/texlive/texmf-dist/tex/latex/stix/ls1stixfrak.fd
File: ls1stixfrak.fd 2015/04/17 v1.1.2-latex STIX fraktur LS1 font definitions
)
LaTeX Font Info:    Trying to load font information for LS1+stixbb on input line 197.
 (/usr/share/texlive/texmf-dist/tex/latex/stix/ls1stixbb.fd
File: ls1stixbb.fd 2015/04/17 v1.1.2-latex STIX blackboard LS1 font definitions
)
LaTeX Font Info:    Trying to load font information for LS2+stixcal on input line 197.
 (/usr/share/texlive/texmf-dist/tex/latex/stix/ls2stixcal.fd
File: ls2stixcal.fd 2015/04/17 v1.1.2-latex STIX calligraphic LS2 font definitions
)
LaTeX Font Info:    Trying to load font information for LS1+stixsf on input line 197.
 (/usr/share/texlive/texmf-dist/tex/latex/stix/ls1stixsf.fd
File: ls1stixsf.fd 2015/04/17 v1.1.2-latex STIX sans-serif LS1 font definitions
)
LaTeX Font Info:    Trying to load font information for LS2+stixtt on input line 197.
 (/usr/share/texlive/texmf-dist/tex/latex/stix/ls2stixtt.fd
File: ls2stixtt.fd 2015/04/17 v1.1.2-latex STIX typewriter LS2 font definitions
)
LaTeX Font Info:    Trying to load font information for U+rsfs on input line 197.
 (/usr/share/texlive/texmf-dist/tex/latex/jknapltx/ursfs.fd
File: ursfs.fd 1998/03/24 rsfs font definition file (jk)
)
Overfull \hbox (123.62721pt too wide) detected at line 197
[]
 []

(./cas-dc-template.abs)

Package hyperref Warning: Ignoring empty anchor on input line 197.


Package hyperref Warning: Ignoring empty anchor on input line 197.

<thumbnails/cas-email.jpeg, id=15, 225.84375pt x 225.84375pt>
File: thumbnails/cas-email.jpeg Graphic file (type jpg)
<use thumbnails/cas-email.jpeg>
Package pdftex.def Info: thumbnails/cas-email.jpeg  used on input line 197.
(pdftex.def)             Requested size: 7.99838pt x 8.0pt.
LaTeX Font Info:    Trying to load font information for T1+zi4 on input line 197.
(/usr/share/texlive/texmf-dist/tex/latex/inconsolata/t1zi4.fd
File: t1zi4.fd 2018/01/14 T1/zi4 (Inconsolata)
)
LaTeX Font Info:    Font shape `T1/zi4/m/n' will be
(Font)              scaled to size 6.80005pt on input line 197.


Package hyperref Warning: Ignoring empty anchor on input line 197.


Underfull \hbox (badness 1292) in paragraph at lines 205--206
\T1/stix/m/n/10 tial vari-abil-ity in tu-mor ap-pear-ance, size, lo-ca-tion, and
 []


Underfull \hbox (badness 1043) in paragraph at lines 205--206
\T1/stix/m/n/10 mor-phol-ogy. Mo-ham-mad Havaei et al. [[]] pro-posed a
 []


Overfull \hbox (5.85718pt too wide) in paragraph at lines 205--206
\T1/stix/m/n/10 com-po-nent anal-y-sis, and neu-ral net-work clas-si-fi-ca-tion, achiev-
 []


Underfull \hbox (badness 1484) in paragraph at lines 205--206
\T1/stix/m/n/10 ing high ac-cu-racy in dis-tin-guish-ing nor-mal and ab-nor-
 []

[1

{/usr/share/texlive/texmf-dist/fonts/enc/dvips/inconsolata/i4-t1-0.enc}{/usr/share/texlive/texmf-dist/fonts/enc/dvips/cm-super/cm-super-t1.enc} <./thumbnails/cas-email.jpeg>]

LaTeX Font Warning: Font shape `U/rsfs/m/n' in size <7.5> not available
(Font)              size <7> substituted on input line 217.

<figs/Abstract Graphical.png, id=58, 1072.75781pt x 595.47469pt>
File: figs/Abstract Graphical.png Graphic file (type png)
<use figs/Abstract Graphical.png>
Package pdftex.def Info: figs/Abstract Graphical.png  used on input line 224.
(pdftex.def)             Requested size: 494.50888pt x 274.49411pt.
<figs/Dense Inception-Residual Block.png, id=60, 1725.44624pt x 498.36188pt>
File: figs/Dense Inception-Residual Block.png Graphic file (type png)
<use figs/Dense Inception-Residual Block.png>
Package pdftex.def Info: figs/Dense Inception-Residual Block.png  used on input line 237.
(pdftex.def)             Requested size: 214.4165pt x 58.59935pt.
<figs/Label1/1.png, id=61, 70.01157pt x 70.01157pt>
File: figs/Label1/1.png Graphic file (type png)
<use figs/Label1/1.png>
Package pdftex.def Info: figs/Label1/1.png  used on input line 271.
(pdftex.def)             Requested size: 4.28986pt x 4.28917pt.
<figs/Label1/6.png, id=62, 67.0003pt x 88.07906pt>
File: figs/Label1/6.png Graphic file (type png)
<use figs/Label1/6.png>
Package pdftex.def Info: figs/Label1/6.png  used on input line 271.
(pdftex.def)             Requested size: 4.28986pt x 5.63931pt.
<figs/Label1/5.png, id=63, 77.53969pt x 77.53969pt>
File: figs/Label1/5.png Graphic file (type png)
<use figs/Label1/5.png>
Package pdftex.def Info: figs/Label1/5.png  used on input line 271.
(pdftex.def)             Requested size: 4.28986pt x 4.28894pt.

Package caption Warning: The option `hypcap=true' will be ignored for this
(caption)                particular \caption on input line 273.
See the caption package documentation for explanation.

[2 <./figs/Dense Inception-Residual Block.png (PNG copy)> <./figs/Label1/1.png (PNG copy)> <./figs/Label1/6.png (PNG copy)> <./figs/Label1/5.png (PNG copy)>]
Underfull \hbox (badness 1072) in paragraph at lines 287--288
[]\T1/stix/m/n/10 Direct stack-ing of inception-dense mod-ules may in-
 []


Underfull \hbox (badness 1264) in paragraph at lines 287--288
\T1/stix/m/n/10 ac-cel-er-ates con-ver-gence by al-low-ing the block to learn
 []

<figs/Input, Multi-Scale Paths.png, id=88, 660.066pt x 795.6927pt>
File: figs/Input, Multi-Scale Paths.png Graphic file (type png)
<use figs/Input, Multi-Scale Paths.png>
Package pdftex.def Info: figs/Input, Multi-Scale Paths.png  used on input line 301.
(pdftex.def)             Requested size: 128.5663pt x 151.66884pt.
[3 <./figs/Abstract Graphical.png>]
File: figs/Label1/1.png Graphic file (type png)
<use figs/Label1/1.png>
Package pdftex.def Info: figs/Label1/1.png  used on input line 340.
(pdftex.def)             Requested size: 8.90381pt x 8.9031pt.
<figs/Label1/2.png, id=103, 133.24782pt x 39.14626pt>
File: figs/Label1/2.png Graphic file (type png)
<use figs/Label1/2.png>
Package pdftex.def Info: figs/Label1/2.png  used on input line 340.
(pdftex.def)             Requested size: 15.82314pt x 4.64836pt.
<figs/Label1/3.png, id=104, 62.48344pt x 48.18pt>
File: figs/Label1/3.png Graphic file (type png)
<use figs/Label1/3.png>
Package pdftex.def Info: figs/Label1/3.png  used on input line 340.
(pdftex.def)             Requested size: 14.83466pt x 11.43845pt.
<figs/Label1/4.png, id=105, 57.96657pt x 51.19125pt>
File: figs/Label1/4.png Graphic file (type png)
<use figs/Label1/4.png>
Package pdftex.def Info: figs/Label1/4.png  used on input line 340.
(pdftex.def)             Requested size: 14.83466pt x 13.10085pt.


Package caption Warning: The option `hypcap=true' will be ignored for this
(caption)                particular \caption on input line 342.
See the caption package documentation for explanation.

<figs/Encoder Path.png, id=107, 836.4048pt x 1000.4577pt>
File: figs/Encoder Path.png Graphic file (type png)
<use figs/Encoder Path.png>
Package pdftex.def Info: figs/Encoder Path.png  used on input line 361.
(pdftex.def)             Requested size: 163.18123pt x 151.66508pt.
File: figs/Label1/1.png Graphic file (type png)
<use figs/Label1/1.png>
Package pdftex.def Info: figs/Label1/1.png  used on input line 408.
(pdftex.def)             Requested size: 8.90381pt x 8.9031pt.
<figs/Label1/9.png, id=108, 31.61812pt x 63.23625pt>
File: figs/Label1/9.png Graphic file (type png)
<use figs/Label1/9.png>
Package pdftex.def Info: figs/Label1/9.png  used on input line 408.
(pdftex.def)             Requested size: 7.41733pt x 14.83446pt.
File: figs/Label1/3.png Graphic file (type png)
<use figs/Label1/3.png>
Package pdftex.def Info: figs/Label1/3.png  used on input line 408.
(pdftex.def)             Requested size: 14.83466pt x 11.43845pt.
File: figs/Label1/4.png Graphic file (type png)
<use figs/Label1/4.png>
Package pdftex.def Info: figs/Label1/4.png  used on input line 408.
(pdftex.def)             Requested size: 14.83466pt x 13.10085pt.
<figs/Label1/8.png, id=109, 67.75313pt x 51.19125pt>
File: figs/Label1/8.png Graphic file (type png)
<use figs/Label1/8.png>
Package pdftex.def Info: figs/Label1/8.png  used on input line 408.
(pdftex.def)             Requested size: 14.83466pt x 11.2082pt.

Package caption Warning: The option `hypcap=true' will be ignored for this
(caption)                particular \caption on input line 410.
See the caption package documentation for explanation.


Overfull \hbox (9.73784pt too wide) in paragraph at lines 418--426
\LS1/stix/m/it/10 DRIC[]\LS1/stix/m/n/10 .\LS1/stix/m/it/10 Concat\LS1/stix/m/n/10 .\LS1/stix/m/it/10 ConvTranspose\LS1/stix/m/n/10 3\LS1/stix/m/it/10 D\LS1/stix/m/n/10 .\LS1/stix/m/it/10 X[]\LS1/stix/m/n/10 /\LS1/stix/m/it/10 ; A\LS1/stix/m/n/10 .\LS1/stix/m/it/10 F[]; X[]\LS1/stix/m/n/10 ///\LS1/stix/m/it/10 ; l \LS1/stix/m/n/10 =
 []

[4 <./figs/Input, Multi-Scale Paths.png (PNG copy)> <./figs/Label1/2.png (PNG copy)> <./figs/Label1/3.png (PNG copy)> <./figs/Label1/4.png (PNG copy)> <./figs/Encoder Path.png (PNG copy)> <./figs/Label1/9.png (PNG copy)> <./figs/Label1/8.png (PNG copy)>]
<figs/Decoder Path.png, id=119, 892.7754pt x 980.9448pt>
File: figs/Decoder Path.png Graphic file (type png)
<use figs/Decoder Path.png>
Package pdftex.def Info: figs/Decoder Path.png  used on input line 434.
(pdftex.def)             Requested size: 163.18558pt x 151.67067pt.
File: figs/Label1/1.png Graphic file (type png)
<use figs/Label1/1.png>
Package pdftex.def Info: figs/Label1/1.png  used on input line 481.
(pdftex.def)             Requested size: 8.90381pt x 8.9031pt.
<figs/Label1/7.png, id=120, 31.61812pt x 63.23625pt>
File: figs/Label1/7.png Graphic file (type png)
<use figs/Label1/7.png>
Package pdftex.def Info: figs/Label1/7.png  used on input line 481.
(pdftex.def)             Requested size: 7.41733pt x 14.83446pt.
File: figs/Label1/3.png Graphic file (type png)
<use figs/Label1/3.png>
Package pdftex.def Info: figs/Label1/3.png  used on input line 481.
(pdftex.def)             Requested size: 14.83466pt x 11.43845pt.
File: figs/Label1/4.png Graphic file (type png)
<use figs/Label1/4.png>
Package pdftex.def Info: figs/Label1/4.png  used on input line 481.
(pdftex.def)             Requested size: 14.83466pt x 13.10085pt.
File: figs/Label1/8.png Graphic file (type png)
<use figs/Label1/8.png>
Package pdftex.def Info: figs/Label1/8.png  used on input line 481.
(pdftex.def)             Requested size: 14.83466pt x 11.2082pt.


Package caption Warning: The option `hypcap=true' will be ignored for this
(caption)                particular \caption on input line 483.
See the caption package documentation for explanation.


Underfull \hbox (badness 1448) in paragraph at lines 490--493
[]\T1/stix/m/n/10 The skip con-nec-tions in our ar-chi-tec-ture, in Fig-ure
 []


Underfull \hbox (badness 1377) in paragraph at lines 490--493
\T1/stix/m/n/10 to their cor-re-spond-ing de-coder stages. This mech-a-nism
 []


Underfull \hbox (badness 1325) in paragraph at lines 490--493
\T1/stix/m/n/10 sampling, thereby en-hanc-ing lo-cal-iza-tion ac-cu-racy. For-
 []


Underfull \hbox (badness 1112) in paragraph at lines 490--493
\T1/stix/m/n/10 skip con-nec-tions. These gates are de-signed to sup-press
 []

<figs/Attention gates over skip connections.png, id=122, 1401.7971pt x 902.6523pt>
File: figs/Attention gates over skip connections.png Graphic file (type png)
<use figs/Attention gates over skip connections.png>
Package pdftex.def Info: figs/Attention gates over skip connections.png  used on input line 495.
(pdftex.def)             Requested size: 197.79031pt x 117.1974pt.

Package caption Warning: The option `hypcap=true' will be ignored for this
(caption)                particular \caption on input line 496.
See the caption package documentation for explanation.

<figs/Overall Architecture.png, id=123, 2164.2456pt x 1017.0798pt>
File: figs/Overall Architecture.png Graphic file (type png)
<use figs/Overall Architecture.png>
Package pdftex.def Info: figs/Overall Architecture.png  used on input line 511.
(pdftex.def)             Requested size: 494.50888pt x 232.38701pt.
[5 <./figs/Decoder Path.png (PNG copy)> <./figs/Label1/7.png (PNG copy)> <./figs/Attention gates over skip connections.png (PNG copy)>]
Overfull \hbox (27.28687pt too wide) in paragraph at lines 526--527
\T1/stix/m/n/10 sion us-ing 3D max pool-ing: $\LS1/stix/m/it/10 X[] \LS1/stix/m/n/10 = \LS1/stix/m/it/10 MaxPool\LS1/stix/m/n/10 3\LS1/stix/m/it/10 D\LS1/stix/m/n/10 .\LS1/stix/m/it/10 F[]; p \LS1/stix/m/n/10 =
 []


Overfull \hbox (20.84682pt too wide) in paragraph at lines 546--548
\T1/stix/m/n/10 posed 3D con-vo-lu-tions: $\LS1/stix/m/it/10 U[] \LS1/stix/m/n/10 = \LS1/stix/m/it/10 ConvTranspose\LS1/stix/m/n/10 3\LS1/stix/m/it/10 D\LS1/stix/m/n/10 .\LS1/stix/m/it/10 B[]; k \LS1/stix/m/n/10 =
 []


Underfull \hbox (badness 2302) in paragraph at lines 564--566
\T1/stix/m/n/10 rep-re-sents per-voxel class prob-a-bil-i-ties for back-ground,
 []

[6 <./figs/Overall Architecture.png (PNG copy)>]
Underfull \hbox (badness 1057) in paragraph at lines 584--588
\T1/stix/m/n/10 where $\LS1/stix/m/it/10 y[] \LS1/stix/m/n/10 Ë ^0\LS1/stix/m/it/10 ; \LS1/stix/m/n/10 1`$ \T1/stix/m/n/10 de-notes the ground truth one-hot
 []


Overfull \hbox (1.85551pt too wide) in paragraph at lines 584--588
\T1/stix/m/n/10 Dice Loss en-cour-ages over-lap be-tween pre-dicted and ground-
 []

<figs/Dataset Prep Img1.png, id=145, 270.027pt x 184.9455pt>
File: figs/Dataset Prep Img1.png Graphic file (type png)
<use figs/Dataset Prep Img1.png>
Package pdftex.def Info: figs/Dataset Prep Img1.png  used on input line 629.
(pdftex.def)             Requested size: 237.36214pt x 162.57756pt.
<figs/Dataset Prep Img2.png, id=146, 270.684pt x 183.96pt>
File: figs/Dataset Prep Img2.png Graphic file (type png)
<use figs/Dataset Prep Img2.png>
Package pdftex.def Info: figs/Dataset Prep Img2.png  used on input line 636.
(pdftex.def)             Requested size: 237.36214pt x 161.31827pt.
[7]
Underfull \hbox (badness 10000) in alignment at lines 675--695
[][][] 
 []


LaTeX Warning: `h' float specifier changed to `ht'.

<figs/Project Charts/Training Loss vs Validation Loss.jpg, id=165, 453.95729pt x 280.72719pt>
File: figs/Project Charts/Training Loss vs Validation Loss.jpg Graphic file (type jpg)
<use figs/Project Charts/Training Loss vs Validation Loss.jpg>
Package pdftex.def Info: figs/Project Charts/Training Loss vs Validation Loss.jpg  used on input line 704.
(pdftex.def)             Requested size: 148.35417pt x 91.7407pt.
<figs/Project Charts/Training Accuracy vs Validation Accuracy.jpg, id=166, 2509.375pt x 1550.79375pt>
File: figs/Project Charts/Training Accuracy vs Validation Accuracy.jpg Graphic file (type jpg)
<use figs/Project Charts/Training Accuracy vs Validation Accuracy.jpg>
Package pdftex.def Info: figs/Project Charts/Training Accuracy vs Validation Accuracy.jpg  used on input line 705.
(pdftex.def)             Requested size: 148.35417pt x 91.67114pt.
<figs/Project Charts/Training Mean IoU vs Validation Mean IoU.jpg, id=167, 453.95729pt x 280.72719pt>
File: figs/Project Charts/Training Mean IoU vs Validation Mean IoU.jpg Graphic file (type jpg)
<use figs/Project Charts/Training Mean IoU vs Validation Mean IoU.jpg>
Package pdftex.def Info: figs/Project Charts/Training Mean IoU vs Validation Mean IoU.jpg  used on input line 706.
(pdftex.def)             Requested size: 148.35417pt x 91.7407pt.
<figs/Project Charts/Training IoU vs Validation IoU.jpg, id=168, 453.95729pt x 280.72719pt>
File: figs/Project Charts/Training IoU vs Validation IoU.jpg Graphic file (type jpg)
<use figs/Project Charts/Training IoU vs Validation IoU.jpg>
Package pdftex.def Info: figs/Project Charts/Training IoU vs Validation IoU.jpg  used on input line 710.
(pdftex.def)             Requested size: 148.35417pt x 91.7407pt.
<figs/Project Charts/Training F1 Score vs Validation F1 Score.jpg, id=169, 453.95729pt x 280.72719pt>
File: figs/Project Charts/Training F1 Score vs Validation F1 Score.jpg Graphic file (type jpg)
<use figs/Project Charts/Training F1 Score vs Validation F1 Score.jpg>
Package pdftex.def Info: figs/Project Charts/Training F1 Score vs Validation F1 Score.jpg  used on input line 711.
(pdftex.def)             Requested size: 148.35417pt x 91.7407pt.
<figs/Project Charts/Training Precision vs Validation Precision.jpg, id=170, 453.95729pt x 280.72719pt>
File: figs/Project Charts/Training Precision vs Validation Precision.jpg Graphic file (type jpg)
<use figs/Project Charts/Training Precision vs Validation Precision.jpg>
Package pdftex.def Info: figs/Project Charts/Training Precision vs Validation Precision.jpg  used on input line 712.
(pdftex.def)             Requested size: 148.35417pt x 91.7407pt.
<figs/Project Charts/Training Recall vs Validation Recall.jpg, id=171, 453.95729pt x 280.72719pt>
File: figs/Project Charts/Training Recall vs Validation Recall.jpg Graphic file (type jpg)
<use figs/Project Charts/Training Recall vs Validation Recall.jpg>
Package pdftex.def Info: figs/Project Charts/Training Recall vs Validation Recall.jpg  used on input line 716.
(pdftex.def)             Requested size: 148.35417pt x 91.7407pt.
<figs/Project Charts/Training Dice (TC) Score vs Validation Dice (TC) Score.jpg, id=172, 453.95729pt x 280.72719pt>
File: figs/Project Charts/Training Dice (TC) Score vs Validation Dice (TC) Score.jpg Graphic file (type jpg)
<use figs/Project Charts/Training Dice (TC) Score vs Validation Dice (TC) Score.jpg>
Package pdftex.def Info: figs/Project Charts/Training Dice (TC) Score vs Validation Dice (TC) Score.jpg  used on input line 717.
(pdftex.def)             Requested size: 148.35417pt x 91.7407pt.
<figs/Project Charts/Training Dice (WT) Score vs Validation Dice (WT) Score.jpg, id=173, 453.95729pt x 280.72719pt>
File: figs/Project Charts/Training Dice (WT) Score vs Validation Dice (WT) Score.jpg Graphic file (type jpg)
<use figs/Project Charts/Training Dice (WT) Score vs Validation Dice (WT) Score.jpg>
Package pdftex.def Info: figs/Project Charts/Training Dice (WT) Score vs Validation Dice (WT) Score.jpg  used on input line 718.
(pdftex.def)             Requested size: 148.35417pt x 91.7407pt.
<figs/Project Charts/Training Dice (ET) Score vs Validation Dice (ET) Score.jpg, id=174, 453.95729pt x 280.72719pt>
File: figs/Project Charts/Training Dice (ET) Score vs Validation Dice (ET) Score.jpg Graphic file (type jpg)
<use figs/Project Charts/Training Dice (ET) Score vs Validation Dice (ET) Score.jpg>
Package pdftex.def Info: figs/Project Charts/Training Dice (ET) Score vs Validation Dice (ET) Score.jpg  used on input line 722.
(pdftex.def)             Requested size: 148.35417pt x 91.7407pt.
<figs/Project Charts/Training Macro Dice Score vs Validation Macro Dice Score.jpg, id=175, 453.95729pt x 280.72719pt>
File: figs/Project Charts/Training Macro Dice Score vs Validation Macro Dice Score.jpg Graphic file (type jpg)
<use figs/Project Charts/Training Macro Dice Score vs Validation Macro Dice Score.jpg>
Package pdftex.def Info: figs/Project Charts/Training Macro Dice Score vs Validation Macro Dice Score.jpg  used on input line 723.
(pdftex.def)             Requested size: 148.35417pt x 91.7407pt.
<figs/Conture of Tumor Over Flair images/Image 0.png, id=177, 1273.3974pt x 444.4605pt>
File: figs/Conture of Tumor Over Flair images/Image 0.png Graphic file (type png)
<use figs/Conture of Tumor Over Flair images/Image 0.png>
Package pdftex.def Info: figs/Conture of Tumor Over Flair images/Image 0.png  used on input line 739.
(pdftex.def)             Requested size: 168.1312pt x 58.6771pt.
<figs/Conture of Tumor Over Flair images/Image 1.png, id=178, 1273.3974pt x 444.4605pt>
File: figs/Conture of Tumor Over Flair images/Image 1.png Graphic file (type png)
<use figs/Conture of Tumor Over Flair images/Image 1.png>
Package pdftex.def Info: figs/Conture of Tumor Over Flair images/Image 1.png  used on input line 740.
(pdftex.def)             Requested size: 168.1312pt x 58.6771pt.
<figs/Conture of Tumor Over Flair images/Image 28.png, id=179, 1273.3974pt x 444.4605pt>
File: figs/Conture of Tumor Over Flair images/Image 28.png Graphic file (type png)
<use figs/Conture of Tumor Over Flair images/Image 28.png>
Package pdftex.def Info: figs/Conture of Tumor Over Flair images/Image 28.png  used on input line 741.
(pdftex.def)             Requested size: 168.1312pt x 58.6771pt.
<figs/Conture of Tumor Over Flair images/Image 53.png, id=180, 1273.3974pt x 444.4605pt>
File: figs/Conture of Tumor Over Flair images/Image 53.png Graphic file (type png)
<use figs/Conture of Tumor Over Flair images/Image 53.png>
Package pdftex.def Info: figs/Conture of Tumor Over Flair images/Image 53.png  used on input line 745.
(pdftex.def)             Requested size: 168.1312pt x 58.6771pt.
<figs/Conture of Tumor Over Flair images/Image 57.png, id=181, 1273.3974pt x 444.4605pt>
File: figs/Conture of Tumor Over Flair images/Image 57.png Graphic file (type png)
<use figs/Conture of Tumor Over Flair images/Image 57.png>
Package pdftex.def Info: figs/Conture of Tumor Over Flair images/Image 57.png  used on input line 746.
(pdftex.def)             Requested size: 168.1312pt x 58.6771pt.
<figs/Conture of Tumor Over Flair images/Image 59.png, id=182, 1273.3974pt x 444.4605pt>
File: figs/Conture of Tumor Over Flair images/Image 59.png Graphic file (type png)
<use figs/Conture of Tumor Over Flair images/Image 59.png>
Package pdftex.def Info: figs/Conture of Tumor Over Flair images/Image 59.png  used on input line 747.
(pdftex.def)             Requested size: 168.1312pt x 58.6771pt.
<figs/Conture of Tumor Over Flair images/Image 63.png, id=183, 1273.3974pt x 444.4605pt>
File: figs/Conture of Tumor Over Flair images/Image 63.png Graphic file (type png)
<use figs/Conture of Tumor Over Flair images/Image 63.png>
Package pdftex.def Info: figs/Conture of Tumor Over Flair images/Image 63.png  used on input line 751.
(pdftex.def)             Requested size: 168.1312pt x 58.6771pt.
<figs/Conture of Tumor Over Flair images/Image 66.png, id=184, 1273.3974pt x 444.4605pt>
File: figs/Conture of Tumor Over Flair images/Image 66.png Graphic file (type png)
<use figs/Conture of Tumor Over Flair images/Image 66.png>
Package pdftex.def Info: figs/Conture of Tumor Over Flair images/Image 66.png  used on input line 752.
(pdftex.def)             Requested size: 168.1312pt x 58.6771pt.
<figs/Conture of Tumor Over Flair images/Image 74.png, id=185, 1273.3974pt x 444.4605pt>
File: figs/Conture of Tumor Over Flair images/Image 74.png Graphic file (type png)
<use figs/Conture of Tumor Over Flair images/Image 74.png>
Package pdftex.def Info: figs/Conture of Tumor Over Flair images/Image 74.png  used on input line 754.
(pdftex.def)             Requested size: 168.1312pt x 58.6771pt.

Overfull \hbox (45.8847pt too wide) in paragraph at lines 738--759
 [][] 
 []

[8 <./figs/Dataset Prep Img1.png> <./figs/Dataset Prep Img2.png>]
Overfull \hbox (7.78555pt too wide) in paragraph at lines 814--834
[]\T1/stix/m/n/10 The pro-posed model can be cat-e-go-rized among lightweight
 []

[9 <./figs/Project Charts/Training Loss vs Validation Loss.jpg> <./figs/Project Charts/Training Accuracy vs Validation Accuracy.jpg> <./figs/Project Charts/Training Mean IoU vs Validation Mean IoU.jpg> <./figs/Project Charts/Training IoU vs Validation IoU.jpg> <./figs/Project Charts/Training F1 Score vs Validation F1 Score.jpg> <./figs/Project Charts/Training Precision vs Validation Precision.jpg> <./figs/Project Charts/Training Recall vs Validation Recall.jpg> <./figs/Project Charts/Training Dice (TC) Score vs Validation Dice (TC) Score.jpg> <./figs/Project Charts/Training Dice (WT) Score vs Validation Dice (WT) Score.jpg> <./figs/Project Charts/Training Dice (ET) Score vs Validation Dice (ET) Score.jpg> <./figs/Project Charts/Training Macro Dice Score vs Validation Macro Dice Score.jpg>] [10

 <./figs/Conture of Tumor Over Flair images/Image 0.png> <./figs/Conture of Tumor Over Flair images/Image 1.png> <./figs/Conture of Tumor Over Flair images/Image 28.png> <./figs/Conture of Tumor Over Flair images/Image 53.png> <./figs/Conture of Tumor Over Flair images/Image 57.png> <./figs/Conture of Tumor Over Flair images/Image 59.png> <./figs/Conture of Tumor Over Flair images/Image 63.png> <./figs/Conture of Tumor Over Flair images/Image 66.png> <./figs/Conture of Tumor Over Flair images/Image 74.png>] [11]
Underfull \hbox (badness 1112) in paragraph at lines 838--844
[]\T1/stix/m/n/10 This pro-posed model per-forms on par with, and in
 []


Underfull \hbox (badness 1189) in paragraph at lines 838--844
\T1/stix/m/n/10 Resid-ual, or In-cep-tion block. These com-po-nents of the
 []

(./cas-dc-template.bbl)
<figs/Arkaprabha Laha.png, id=227, 1258.7025pt x 1258.7025pt>
File: figs/Arkaprabha Laha.png Graphic file (type png)
<use figs/Arkaprabha Laha.png>
Package pdftex.def Info: figs/Arkaprabha Laha.png  used on input line 1058.
(pdftex.def)             Requested size: 72.55452pt x 72.54192pt.

... wr-fig: [BL: 10.0pt] ...
... wr-fig: [LINE-FP: 7.754191589355469] ...
... wr-fig: [LINE-INT: 8] ...
File: figs/Arkaprabha Laha.png Graphic file (type png)
<use figs/Arkaprabha Laha.png>
Package pdftex.def Info: figs/Arkaprabha Laha.png  used on input line 1058.
(pdftex.def)             Requested size: 72.55452pt x 72.54192pt.
<figs/Puspen Lahiri.jpg, id=228, 136.2887pt x 149.85118pt>
File: figs/Puspen Lahiri.jpg Graphic file (type jpg)
<use figs/Puspen Lahiri.jpg>
Package pdftex.def Info: figs/Puspen Lahiri.jpg  used on input line 1062.
(pdftex.def)             Requested size: 72.55452pt x 79.77744pt.
... wr-fig: [BL: 10.0pt] ...
... wr-fig: [LINE-FP: 8.477743530273438] ...
... wr-fig: [LINE-INT: 8] ...
File: figs/Puspen Lahiri.jpg Graphic file (type jpg)
<use figs/Puspen Lahiri.jpg>
Package pdftex.def Info: figs/Puspen Lahiri.jpg  used on input line 1062.
(pdftex.def)             Requested size: 72.55452pt x 79.77744pt.
<figs/Shubhomay Kundu Poddar.jpg, id=229, 200.75pt x 200.75pt>
File: figs/Shubhomay Kundu Poddar.jpg Graphic file (type jpg)
<use figs/Shubhomay Kundu Poddar.jpg>
Package pdftex.def Info: figs/Shubhomay Kundu Poddar.jpg  used on input line 1066.
(pdftex.def)             Requested size: 72.55452pt x 72.55481pt.
... wr-fig: [BL: 10.0pt] ...
... wr-fig: [LINE-FP: 7.75548095703125] ...
... wr-fig: [LINE-INT: 8] ...
File: figs/Shubhomay Kundu Poddar.jpg Graphic file (type jpg)
<use figs/Shubhomay Kundu Poddar.jpg>
Package pdftex.def Info: figs/Shubhomay Kundu Poddar.jpg  used on input line 1066.
(pdftex.def)             Requested size: 72.55452pt x 72.55481pt.
[12


 <./figs/Arkaprabha Laha.png (PNG copy)> <./figs/Puspen Lahiri.jpg> <./figs/Shubhomay Kundu Poddar.jpg>]
<figs/Supriyo Ghosh.jpg, id=240, 200.75pt x 200.75pt>
File: figs/Supriyo Ghosh.jpg Graphic file (type jpg)
<use figs/Supriyo Ghosh.jpg>
Package pdftex.def Info: figs/Supriyo Ghosh.jpg  used on input line 1070.
(pdftex.def)             Requested size: 72.55452pt x 72.55481pt.

... wr-fig: [BL: 10.0pt] ...
... wr-fig: [LINE-FP: 7.75548095703125] ...
... wr-fig: [LINE-INT: 8] ...
File: figs/Supriyo Ghosh.jpg Graphic file (type jpg)
<use figs/Supriyo Ghosh.jpg>
Package pdftex.def Info: figs/Supriyo Ghosh.jpg  used on input line 1070.
(pdftex.def)             Requested size: 72.55452pt x 72.55481pt.

Underfull \hbox (badness 2119) in paragraph at lines 1070--1072
\T1/stix/m/n/8 Docker, Kafka, Mi-croser-vices, and Re-dis. His
 []


Underfull \hbox (badness 1215) in paragraph at lines 1070--1072
\T1/stix/m/n/8 Ma-chine Learn-ing and Large Lan-guage Model
 []


Underfull \hbox (badness 1168) in paragraph at lines 1070--1072
\T1/stix/m/n/8 Edge AI, Robotics, and in-tel-li-gent sys-tems for
 []

<figs/Shubhradip Pic.jpeg, id=241, 602.25pt x 602.25pt>
File: figs/Shubhradip Pic.jpeg Graphic file (type jpg)
<use figs/Shubhradip Pic.jpeg>
Package pdftex.def Info: figs/Shubhradip Pic.jpeg  used on input line 1074.
(pdftex.def)             Requested size: 72.55452pt x 72.55176pt.
... wr-fig: [BL: 10.0pt] ...
... wr-fig: [LINE-FP: 7.75517578125] ...
... wr-fig: [LINE-INT: 8] ...
File: figs/Shubhradip Pic.jpeg Graphic file (type jpg)
<use figs/Shubhradip Pic.jpeg>
Package pdftex.def Info: figs/Shubhradip Pic.jpeg  used on input line 1074.
(pdftex.def)             Requested size: 72.55452pt x 72.55176pt.
<figs/H Roy.jpg, id=242, 207.77625pt x 244.915pt>
File: figs/H Roy.jpg Graphic file (type jpg)
<use figs/H Roy.jpg>
Package pdftex.def Info: figs/H Roy.jpg  used on input line 1078.
(pdftex.def)             Requested size: 72.55452pt x 85.52345pt.
... wr-fig: [BL: 10.0pt] ...
... wr-fig: [LINE-FP: 9.052345275878906] ...
... wr-fig: [LINE-INT: 9] ...
File: figs/H Roy.jpg Graphic file (type jpg)
<use figs/H Roy.jpg>
Package pdftex.def Info: figs/H Roy.jpg  used on input line 1078.
(pdftex.def)             Requested size: 72.55452pt x 85.52345pt.
<figs/D Bhattacharjee.jpg, id=243, 225.84375pt x 225.84375pt>
File: figs/D Bhattacharjee.jpg Graphic file (type jpg)
<use figs/D Bhattacharjee.jpg>
Package pdftex.def Info: figs/D Bhattacharjee.jpg  used on input line 1082.
(pdftex.def)             Requested size: 72.55452pt x 72.55405pt.
... wr-fig: [BL: 10.0pt] ...
... wr-fig: [LINE-FP: 7.755404663085938] ...
... wr-fig: [LINE-INT: 8] ...
File: figs/D Bhattacharjee.jpg Graphic file (type jpg)
<use figs/D Bhattacharjee.jpg>
Package pdftex.def Info: figs/D Bhattacharjee.jpg  used on input line 1082.
(pdftex.def)             Requested size: 72.55452pt x 72.55405pt.

Underfull \hbox (badness 1442) in paragraph at lines 1082--1084
\T1/stix/m/n/8 mil-lion. He has served as a vis-it-ing pro-fes-sor
 []

[13 <./figs/Supriyo Ghosh.jpg> <./figs/Shubhradip Pic.jpeg> <./figs/H Roy.jpg> <./figs/D Bhattacharjee.jpg>] (./cas-dc-template.aux)
 ***********
LaTeX2e <2025-11-01>
L3 programming layer <2026-03-20>
 ***********


LaTeX Font Warning: Size substitutions with differences
(Font)              up to 0.5pt have occurred.

Package rerunfilecheck Info: File `cas-dc-template.out' has not changed.
(rerunfilecheck)             Checksum: D41D8CD98F00B204E9800998ECF8427E;0.
 ) 
Here is how much of TeX's memory you used:
 29454 strings out of 467363
 531838 string characters out of 5419001
 923334 words of memory out of 6000000
 57910 multiletter control sequences out of 15000+600000
 739022 words of font info for 184 fonts, out of 8000000 for 9000
 1141 hyphenation exceptions out of 8191
 99i,17n,131p,1868b,772s stack positions out of 10000i,1000n,20000p,200000b,200000s
</usr/share/texlive/texmf-dist/fonts/type1/public/inconsolata/Inconsolata-zi4r.pfb></usr/share/texlive/texmf-dist/fonts/type1/public/stix/STIXGeneral-Bold.pfb></usr/share/texlive/texmf-dist/fonts/type1/public/stix/STIXGeneral-BoldItalic.pfb></usr/share/texlive/texmf-dist/fonts/type1/public/stix/STIXGeneral-Italic.pfb></usr/share/texlive/texmf-dist/fonts/type1/public/stix/STIXGeneral-Regular.pfb></usr/share/texlive/texmf-dist/fonts/type1/public/cm-super/sfss0900.pfb></usr/share/texlive/texmf-dist/fonts/type1/public/cm-super/sfsx0900.pfb></usr/share/texlive/texmf-dist/fonts/type1/public/stix/stix-mathbb.pfb></usr/share/texlive/texmf-dist/fonts/type1/public/stix/stix-mathcal.pfb></usr/share/texlive/texmf-dist/fonts/type1/public/stix/stix-mathex.pfb></usr/share/texlive/texmf-dist/fonts/type1/public/stix/stix-mathit.pfb></usr/share/texlive/texmf-dist/fonts/type1/public/stix/stix-mathrm.pfb></usr/share/texlive/texmf-dist/fonts/type1/public/stix/stix-mathscr.pfb>
Output written on cas-dc-template.pdf (14 pages, 10485353 bytes).
PDF statistics:
 335 PDF objects out of 1000 (max. 8388607)
 231 compressed objects within 3 object streams
 94 named destinations out of 1000 (max. 500000)
 243 words of extra memory for PDF output out of 10000 (max. 10000000)

